c:\users\stefan\dev\premiere pro cc 12.0 win sdk\examples\projects\gpuvideofilter\reframe360\win\x64\release\vc140.pdb
c:\users\stefan\dev\premiere pro cc 12.0 win sdk\examples\projects\gpuvideofilter\reframe360\win\x64\release\reframe360_gpu.obj
c:\users\stefan\dev\premiere pro cc 12.0 win sdk\examples\projects\gpuvideofilter\reframe360\win\x64\release\reframe360_cpu.obj
c:\users\stefan\dev\premiere pro cc 12.0 win sdk\examples\projects\gpuvideofilter\reframe360\win\x64\release\keyframemanager.obj
c:\users\stefan\dev\premiere pro cc 12.0 win sdk\examples\projects\gpuvideofilter\reframe360\win\x64\release\keyframedata.obj
c:\users\stefan\dev\premiere pro cc 12.0 win sdk\examples\projects\gpuvideofilter\reframe360\win\x64\release\reframe360.rr
c:\users\stefan\dev\premiere pro cc 12.0 win sdk\examples\projects\gpuvideofilter\reframe360\reframe360.rcp
c:\users\stefan\dev\premiere pro cc 12.0 win sdk\examples\projects\gpuvideofilter\reframe360\win\x64\release\reframe360.obj
c:\users\stefan\dev\premiere pro cc 12.0 win sdk\examples\projects\gpuvideofilter\reframe360\win\reframe360.i
c:\users\stefan\dev\premiere pro cc 12.0 win sdk\examples\projects\gpuvideofilter\reframe360\win\x64\release\preprocessedopencl\reframe360.cl.h
c:\program files\adobe\common\plug-ins\7.0\mediacore\reframe360.ilk
c:\program files\adobe\common\plug-ins\7.0\mediacore\reframe360.aex
c:\program files\adobe\common\plug-ins\7.0\mediacore\reframe360.pdb
c:\users\stefan\dev\premiere pro cc 12.0 win sdk\examples\projects\gpuvideofilter\reframe360\win\x64\release\reframe360.res
c:\users\stefan\dev\premiere pro cc 12.0 win sdk\examples\projects\gpuvideofilter\reframe360\win\x64\release\reframe360.lib
c:\users\stefan\dev\premiere pro cc 12.0 win sdk\examples\projects\gpuvideofilter\reframe360\win\x64\release\reframe360.exp
c:\users\stefan\dev\premiere pro cc 12.0 win sdk\examples\projects\gpuvideofilter\reframe360\win\x64\release\reframe360 (gpu).tlog\cl.command.1.tlog
c:\users\stefan\dev\premiere pro cc 12.0 win sdk\examples\projects\gpuvideofilter\reframe360\win\x64\release\reframe360 (gpu).tlog\cl.read.1.tlog
c:\users\stefan\dev\premiere pro cc 12.0 win sdk\examples\projects\gpuvideofilter\reframe360\win\x64\release\reframe360 (gpu).tlog\cl.write.1.tlog
c:\users\stefan\dev\premiere pro cc 12.0 win sdk\examples\projects\gpuvideofilter\reframe360\win\x64\release\reframe360 (gpu).tlog\custombuild.command.1.tlog
c:\users\stefan\dev\premiere pro cc 12.0 win sdk\examples\projects\gpuvideofilter\reframe360\win\x64\release\reframe360 (gpu).tlog\custombuild.read.1.tlog
c:\users\stefan\dev\premiere pro cc 12.0 win sdk\examples\projects\gpuvideofilter\reframe360\win\x64\release\reframe360 (gpu).tlog\custombuild.write.1.tlog
c:\users\stefan\dev\premiere pro cc 12.0 win sdk\examples\projects\gpuvideofilter\reframe360\win\x64\release\reframe360 (gpu).tlog\link.command.1.tlog
c:\users\stefan\dev\premiere pro cc 12.0 win sdk\examples\projects\gpuvideofilter\reframe360\win\x64\release\reframe360 (gpu).tlog\link.read.1.tlog
c:\users\stefan\dev\premiere pro cc 12.0 win sdk\examples\projects\gpuvideofilter\reframe360\win\x64\release\reframe360 (gpu).tlog\link.write.1.tlog
c:\users\stefan\dev\premiere pro cc 12.0 win sdk\examples\projects\gpuvideofilter\reframe360\win\x64\release\reframe360 (gpu).tlog\rc.command.1.tlog
c:\users\stefan\dev\premiere pro cc 12.0 win sdk\examples\projects\gpuvideofilter\reframe360\win\x64\release\reframe360 (gpu).tlog\rc.read.1.tlog
c:\users\stefan\dev\premiere pro cc 12.0 win sdk\examples\projects\gpuvideofilter\reframe360\win\x64\release\reframe360 (gpu).tlog\rc.write.1.tlog
c:\users\stefan\dev\premiere pro cc 12.0 win sdk\examples\projects\gpuvideofilter\reframe360\win\x64\release\reframe360 (gpu).tlog\reframe360 (gpu).write.1u.tlog
