  TCPServer.cpp
  Please define _WIN32_WINNT or _WIN32_WINDOWS appropriately. For example:
  - add -D_WIN32_WINNT=0x0501 to the compiler command line; or
  - add _WIN32_WINNT=0x0501 to your project's Preprocessor Definitions.
  Assuming _WIN32_WINNT=0x0501 (i.e. Windows XP target).
  
  --- Analyzing function: bool __cdecl std::_Ref_count_base::_Incref_nz(void) __ptr64
  c:\program files (x86)\microsoft visual studio 14.0\vc\include\memory(77) : info C5002: loop not vectorized due to reason '500'
  c:\program files (x86)\microsoft visual studio 14.0\vc\include\memory(77) : info C5012: loop not parallelized due to reason '500'
  
  --- Analyzing function: void __cdecl boost::asio::detail::service_registry::shutdown_services(void) __ptr64
  c:\users\stefan\dev\boost_1_67_0\boost\asio\detail\impl\service_registry.ipp(42) : info C5002: loop not vectorized due to reason '502'
  c:\users\stefan\dev\boost_1_67_0\boost\asio\detail\impl\service_registry.ipp(42) : info C5012: loop not parallelized due to reason '502'
  
  --- Analyzing function: long __cdecl boost::asio::detail::timer_queue_set::wait_duration_usec(long)const __ptr64
  c:\users\stefan\dev\boost_1_67_0\boost\asio\detail\impl\timer_queue_set.ipp(80) : info C5002: loop not vectorized due to reason '502'
  c:\users\stefan\dev\boost_1_67_0\boost\asio\detail\impl\timer_queue_set.ipp(80) : info C5012: loop not parallelized due to reason '502'
  
  --- Analyzing function: void __cdecl boost::asio::detail::timer_queue_set::get_ready_timers(class boost::asio::detail::op_queue<class boost::asio::detail::win_iocp_operation> & __ptr64) __ptr64
  c:\users\stefan\dev\boost_1_67_0\boost\asio\detail\impl\timer_queue_set.ipp(87) : info C5002: loop not vectorized due to reason '502'
  c:\users\stefan\dev\boost_1_67_0\boost\asio\detail\impl\timer_queue_set.ipp(87) : info C5012: loop not parallelized due to reason '502'
  
  --- Analyzing function: void __cdecl `vector constructor iterator'(void * __ptr64,unsigned __int64,unsigned __int64,void * __ptr64 (__cdecl*)(void * __ptr64))
  C:\Users\Stefan\Dev\Premiere Pro CC 12.0 Win SDK\Examples\Projects\GPUVideoFilter\Reframe360\TCPServer.cpp : info C5002: loop not vectorized due to reason '502'
  C:\Users\Stefan\Dev\Premiere Pro CC 12.0 Win SDK\Examples\Projects\GPUVideoFilter\Reframe360\TCPServer.cpp : info C5012: loop not parallelized due to reason '502'
  
  --- Analyzing function: __cdecl boost::asio::detail::thread_info_base::thread_info_base(void) __ptr64
  c:\users\stefan\dev\boost_1_67_0\boost\asio\detail\thread_info_base.hpp(44) : info C5002: loop not vectorized due to reason '1300'
  c:\users\stefan\dev\boost_1_67_0\boost\asio\detail\thread_info_base.hpp(44) : info C5012: loop not parallelized due to reason '1000'
  
  --- Analyzing function: __cdecl boost::asio::detail::thread_info_base::~thread_info_base(void) __ptr64
  c:\users\stefan\dev\boost_1_67_0\boost\asio\detail\thread_info_base.hpp(50) : info C5002: loop not vectorized due to reason '1200'
  c:\users\stefan\dev\boost_1_67_0\boost\asio\detail\thread_info_base.hpp(50) : info C5012: loop not parallelized due to reason '1000'
  
  --- Analyzing function: void __cdecl boost::asio::detail::service_registry::destroy_services(void) __ptr64
  c:\users\stefan\dev\boost_1_67_0\boost\asio\detail\impl\service_registry.ipp(51) : info C5002: loop not vectorized due to reason '500'
  c:\users\stefan\dev\boost_1_67_0\boost\asio\detail\impl\service_registry.ipp(51) : info C5012: loop not parallelized due to reason '500'
  
  --- Analyzing function: void __cdecl boost::asio::execution_context::shutdown(void) __ptr64
  c:\users\stefan\dev\boost_1_67_0\boost\asio\detail\impl\service_registry.ipp(42) : info C5002: loop not vectorized due to reason '502'
  c:\users\stefan\dev\boost_1_67_0\boost\asio\detail\impl\service_registry.ipp(42) : info C5012: loop not parallelized due to reason '502'
  
  --- Analyzing function: void __cdecl boost::asio::detail::win_iocp_io_context::update_timeout(void) __ptr64
  c:\users\stefan\dev\boost_1_67_0\boost\asio\detail\impl\timer_queue_set.ipp(80) : info C5002: loop not vectorized due to reason '502'
  c:\users\stefan\dev\boost_1_67_0\boost\asio\detail\impl\timer_queue_set.ipp(80) : info C5012: loop not parallelized due to reason '502'
  
  --- Analyzing function: static struct std::_Tree_node<struct std::pair<void const * __ptr64 const,struct boost::detail::tss_data_node>,void * __ptr64> * __ptr64 __cdecl std::_Tree_val<struct std::_Tree_simple_types<struct std::pair<void const * __ptr64 const,struct boost::detail::tss_data_node> > >::_Min(struct std::_Tree_node<struct std::pair<void const * __ptr64 const,struct boost::detail::tss_data_node>,void * __ptr64> * __ptr64)
  c:\program files (x86)\microsoft visual studio 14.0\vc\include\xtree(615) : info C5002: loop not vectorized due to reason '500'
  c:\program files (x86)\microsoft visual studio 14.0\vc\include\xtree(615) : info C5012: loop not parallelized due to reason '500'
  
  --- Analyzing function: static struct std::_Tree_node<struct std::pair<void const * __ptr64 const,struct boost::detail::tss_data_node>,void * __ptr64> * __ptr64 __cdecl std::_Tree_val<struct std::_Tree_simple_types<struct std::pair<void const * __ptr64 const,struct boost::detail::tss_data_node> > >::_Max(struct std::_Tree_node<struct std::pair<void const * __ptr64 const,struct boost::detail::tss_data_node>,void * __ptr64> * __ptr64)
  c:\program files (x86)\microsoft visual studio 14.0\vc\include\xtree(608) : info C5002: loop not vectorized due to reason '500'
  c:\program files (x86)\microsoft visual studio 14.0\vc\include\xtree(608) : info C5012: loop not parallelized due to reason '500'
  
  --- Analyzing function: __cdecl boost::asio::detail::win_iocp_thread_info::win_iocp_thread_info(void) __ptr64
  c:\users\stefan\dev\boost_1_67_0\boost\asio\detail\thread_info_base.hpp(44) : info C5002: loop not vectorized due to reason '1300'
  c:\users\stefan\dev\boost_1_67_0\boost\asio\detail\thread_info_base.hpp(44) : info C5012: loop not parallelized due to reason '1000'
  
  --- Analyzing function: __cdecl boost::asio::detail::win_iocp_thread_info::~win_iocp_thread_info(void) __ptr64
  c:\users\stefan\dev\boost_1_67_0\boost\asio\detail\thread_info_base.hpp(50) : info C5002: loop not vectorized due to reason '1200'
  c:\users\stefan\dev\boost_1_67_0\boost\asio\detail\thread_info_base.hpp(50) : info C5012: loop not parallelized due to reason '1000'
  
  --- Analyzing function: void __cdecl boost::asio::execution_context::destroy(void) __ptr64
  c:\users\stefan\dev\boost_1_67_0\boost\asio\detail\impl\service_registry.ipp(51) : info C5002: loop not vectorized due to reason '500'
  c:\users\stefan\dev\boost_1_67_0\boost\asio\detail\impl\service_registry.ipp(51) : info C5012: loop not parallelized due to reason '500'
  
  --- Analyzing function: class boost::asio::execution_context::service * __ptr64 __cdecl boost::asio::detail::service_registry::do_use_service(struct boost::asio::execution_context::service::key const & __ptr64,class boost::asio::execution_context::service * __ptr64 (__cdecl*)(void * __ptr64),void * __ptr64) __ptr64
  c:\users\stefan\dev\boost_1_67_0\boost\asio\detail\impl\service_registry.ipp(121) : info C5002: loop not vectorized due to reason '500'
  c:\users\stefan\dev\boost_1_67_0\boost\asio\detail\impl\service_registry.ipp(121) : info C5012: loop not parallelized due to reason '500'
  c:\users\stefan\dev\boost_1_67_0\boost\asio\detail\impl\service_registry.ipp(139) : info C5002: loop not vectorized due to reason '500'
  c:\users\stefan\dev\boost_1_67_0\boost\asio\detail\impl\service_registry.ipp(139) : info C5012: loop not parallelized due to reason '500'
  
  --- Analyzing function: class std::basic_ostream<char,struct std::char_traits<char> > & __ptr64 __cdecl std::operator<<<struct std::char_traits<char> >(class std::basic_ostream<char,struct std::char_traits<char> > & __ptr64,char const * __ptr64)
  c:\program files (x86)\microsoft visual studio 14.0\vc\include\ostream(795) : info C5002: loop not vectorized due to reason '500'
  c:\program files (x86)\microsoft visual studio 14.0\vc\include\ostream(795) : info C5012: loop not parallelized due to reason '500'
  c:\program files (x86)\microsoft visual studio 14.0\vc\include\ostream(808) : info C5002: loop not vectorized due to reason '500'
  c:\program files (x86)\microsoft visual studio 14.0\vc\include\ostream(808) : info C5012: loop not parallelized due to reason '500'
  
  --- Analyzing function: static struct std::_Tree_node<struct std::pair<void const * __ptr64 const,struct boost::detail::tss_data_node>,void * __ptr64> * __ptr64 __cdecl std::_Tree_comp_alloc<class std::_Tmap_traits<void const * __ptr64,struct boost::detail::tss_data_node,struct std::less<void const * __ptr64>,class std::allocator<struct std::pair<void const * __ptr64 const,struct boost::detail::tss_data_node> >,0> >::_Min(struct std::_Tree_node<struct std::pair<void const * __ptr64 const,struct boost::detail::tss_data_node>,void * __ptr64> * __ptr64)
  c:\program files (x86)\microsoft visual studio 14.0\vc\include\xtree(615) : info C5002: loop not vectorized due to reason '500'
  c:\program files (x86)\microsoft visual studio 14.0\vc\include\xtree(615) : info C5012: loop not parallelized due to reason '500'
  
  --- Analyzing function: class std::_Tree_unchecked_const_iterator<class std::_Tree_val<struct std::_Tree_simple_types<struct std::pair<void const * __ptr64 const,struct boost::detail::tss_data_node> > >,struct std::_Iterator_base0> & __ptr64 __cdecl std::_Tree_unchecked_const_iterator<class std::_Tree_val<struct std::_Tree_simple_types<struct std::pair<void const * __ptr64 const,struct boost::detail::tss_data_node> > >,struct std::_Iterator_base0>::operator++(void) __ptr64
  c:\program files (x86)\microsoft visual studio 14.0\vc\include\xtree(615) : info C5002: loop not vectorized due to reason '500'
  c:\program files (x86)\microsoft visual studio 14.0\vc\include\xtree(615) : info C5012: loop not parallelized due to reason '500'
  c:\program files (x86)\microsoft visual studio 14.0\vc\include\xtree(69) : info C5002: loop not vectorized due to reason '500'
  c:\program files (x86)\microsoft visual studio 14.0\vc\include\xtree(69) : info C5012: loop not parallelized due to reason '500'
  
  --- Analyzing function: class std::basic_ostream<char,struct std::char_traits<char> > & __ptr64 __cdecl std::operator<<<struct std::char_traits<char> >(class std::basic_ostream<char,struct std::char_traits<char> > & __ptr64,char)
  c:\program files (x86)\microsoft visual studio 14.0\vc\include\ostream(839) : info C5002: loop not vectorized due to reason '500'
  c:\program files (x86)\microsoft visual studio 14.0\vc\include\ostream(839) : info C5012: loop not parallelized due to reason '500'
  c:\program files (x86)\microsoft visual studio 14.0\vc\include\ostream(850) : info C5002: loop not vectorized due to reason '500'
  c:\program files (x86)\microsoft visual studio 14.0\vc\include\ostream(850) : info C5012: loop not parallelized due to reason '500'
  
  --- Analyzing function: static struct std::_Tree_node<struct std::pair<void const * __ptr64 const,struct boost::detail::tss_data_node>,void * __ptr64> * __ptr64 __cdecl std::_Tree_comp_alloc<class std::_Tmap_traits<void const * __ptr64,struct boost::detail::tss_data_node,struct std::less<void const * __ptr64>,class std::allocator<struct std::pair<void const * __ptr64 const,struct boost::detail::tss_data_node> >,0> >::_Max(struct std::_Tree_node<struct std::pair<void const * __ptr64 const,struct boost::detail::tss_data_node>,void * __ptr64> * __ptr64)
  c:\program files (x86)\microsoft visual studio 14.0\vc\include\xtree(608) : info C5002: loop not vectorized due to reason '500'
  c:\program files (x86)\microsoft visual studio 14.0\vc\include\xtree(608) : info C5012: loop not parallelized due to reason '500'
  
  --- Analyzing function: void __cdecl boost::asio::detail::win_iocp_io_context::post_deferred_completions(class boost::asio::detail::op_queue<class boost::asio::detail::win_iocp_operation> & __ptr64) __ptr64
  c:\users\stefan\dev\boost_1_67_0\boost\asio\detail\impl\win_iocp_io_context.ipp(268) : info C5002: loop not vectorized due to reason '502'
  c:\users\stefan\dev\boost_1_67_0\boost\asio\detail\impl\win_iocp_io_context.ipp(268) : info C5012: loop not parallelized due to reason '502'
  
  --- Analyzing function: void __cdecl std::_Ptr_base<class Session>::_Reset(class Session * __ptr64,class std::_Ref_count_base * __ptr64,bool) __ptr64
  c:\program files (x86)\microsoft visual studio 14.0\vc\include\memory(77) : info C5002: loop not vectorized due to reason '500'
  c:\program files (x86)\microsoft visual studio 14.0\vc\include\memory(77) : info C5012: loop not parallelized due to reason '500'
  
  --- Analyzing function: __cdecl boost::asio::detail::op_queue<class boost::asio::detail::win_iocp_operation>::~op_queue<class boost::asio::detail::win_iocp_operation>(void) __ptr64
  c:\users\stefan\dev\boost_1_67_0\boost\asio\detail\op_queue.hpp(78) : info C5002: loop not vectorized due to reason '502'
  c:\users\stefan\dev\boost_1_67_0\boost\asio\detail\op_queue.hpp(78) : info C5012: loop not parallelized due to reason '502'
  
  --- Analyzing function: __cdecl boost::asio::detail::op_queue<class boost::asio::detail::reactor_op>::~op_queue<class boost::asio::detail::reactor_op>(void) __ptr64
  c:\users\stefan\dev\boost_1_67_0\boost\asio\detail\op_queue.hpp(78) : info C5002: loop not vectorized due to reason '502'
  c:\users\stefan\dev\boost_1_67_0\boost\asio\detail\op_queue.hpp(78) : info C5012: loop not parallelized due to reason '502'
  
  --- Analyzing function: class std::_Tree_const_iterator<class std::_Tree_val<struct std::_Tree_simple_types<struct std::pair<void const * __ptr64 const,struct boost::detail::tss_data_node> > > > & __ptr64 __cdecl std::_Tree_const_iterator<class std::_Tree_val<struct std::_Tree_simple_types<struct std::pair<void const * __ptr64 const,struct boost::detail::tss_data_node> > > >::operator++(void) __ptr64
  c:\program files (x86)\microsoft visual studio 14.0\vc\include\xtree(615) : info C5002: loop not vectorized due to reason '500'
  c:\program files (x86)\microsoft visual studio 14.0\vc\include\xtree(615) : info C5012: loop not parallelized due to reason '500'
  c:\program files (x86)\microsoft visual studio 14.0\vc\include\xtree(69) : info C5002: loop not vectorized due to reason '500'
  c:\program files (x86)\microsoft visual studio 14.0\vc\include\xtree(69) : info C5012: loop not parallelized due to reason '500'
  
  --- Analyzing function: unsigned __int64 __cdecl std::basic_string<char,struct std::char_traits<char>,class std::allocator<char> >::rfind(char const * __ptr64,unsigned __int64,unsigned __int64)const __ptr64
  c:\program files (x86)\microsoft visual studio 14.0\vc\include\xstring(1922) : info C5002: loop not vectorized due to reason '500'
  c:\program files (x86)\microsoft visual studio 14.0\vc\include\xstring(1922) : info C5012: loop not parallelized due to reason '500'
  
  --- Analyzing function: unsigned __int64 __cdecl std::basic_string<char,struct std::char_traits<char>,class std::allocator<char> >::find(char const * __ptr64,unsigned __int64,unsigned __int64)const __ptr64
  c:\program files (x86)\microsoft visual studio 14.0\vc\include\xstring(1886) : info C5002: loop not vectorized due to reason '500'
  c:\program files (x86)\microsoft visual studio 14.0\vc\include\xstring(1886) : info C5012: loop not parallelized due to reason '500'
  
  --- Analyzing function: void __cdecl std::_Ptr_base<class Session>::_Reset<class Session>(class std::_Ptr_base<class Session> const & __ptr64,bool) __ptr64
  c:\program files (x86)\microsoft visual studio 14.0\vc\include\memory(77) : info C5002: loop not vectorized due to reason '500'
  c:\program files (x86)\microsoft visual studio 14.0\vc\include\memory(77) : info C5012: loop not parallelized due to reason '500'
  
  --- Analyzing function: __cdecl boost::asio::execution_context::~execution_context(void) __ptr64
  c:\users\stefan\dev\boost_1_67_0\boost\asio\detail\impl\service_registry.ipp(42) : info C5002: loop not vectorized due to reason '502'
  c:\users\stefan\dev\boost_1_67_0\boost\asio\detail\impl\service_registry.ipp(42) : info C5012: loop not parallelized due to reason '502'
  c:\users\stefan\dev\boost_1_67_0\boost\asio\detail\impl\service_registry.ipp(51) : info C5002: loop not vectorized due to reason '500'
  c:\users\stefan\dev\boost_1_67_0\boost\asio\detail\impl\service_registry.ipp(51) : info C5012: loop not parallelized due to reason '500'
  
  --- Analyzing function: static void __cdecl boost::asio::detail::signal_set_service::deliver_signal(int)
  c:\users\stefan\dev\boost_1_67_0\boost\asio\detail\impl\signal_set_service.ipp(486) : info C5002: loop not vectorized due to reason '502'
  c:\users\stefan\dev\boost_1_67_0\boost\asio\detail\impl\signal_set_service.ipp(486) : info C5012: loop not parallelized due to reason '502'
  c:\users\stefan\dev\boost_1_67_0\boost\asio\detail\impl\signal_set_service.ipp(478) : info C5002: loop not vectorized due to reason '502'
  c:\users\stefan\dev\boost_1_67_0\boost\asio\detail\impl\signal_set_service.ipp(478) : info C5012: loop not parallelized due to reason '502'
  c:\users\stefan\dev\boost_1_67_0\boost\asio\detail\op_queue.hpp(78) : info C5002: loop not vectorized due to reason '500'
  c:\users\stefan\dev\boost_1_67_0\boost\asio\detail\op_queue.hpp(78) : info C5012: loop not parallelized due to reason '500'
  c:\users\stefan\dev\boost_1_67_0\boost\asio\detail\impl\signal_set_service.ipp(473) : info C5002: loop not vectorized due to reason '502'
  c:\users\stefan\dev\boost_1_67_0\boost\asio\detail\impl\signal_set_service.ipp(473) : info C5012: loop not parallelized due to reason '502'
  
  --- Analyzing function: class std::_Tree_const_iterator<class std::_Tree_val<struct std::_Tree_simple_types<struct std::pair<void const * __ptr64 const,struct boost::detail::tss_data_node> > > > __cdecl std::_Tree_const_iterator<class std::_Tree_val<struct std::_Tree_simple_types<struct std::pair<void const * __ptr64 const,struct boost::detail::tss_data_node> > > >::operator++(int) __ptr64
  c:\program files (x86)\microsoft visual studio 14.0\vc\include\xtree(615) : info C5002: loop not vectorized due to reason '500'
  c:\program files (x86)\microsoft visual studio 14.0\vc\include\xtree(615) : info C5012: loop not parallelized due to reason '500'
  c:\program files (x86)\microsoft visual studio 14.0\vc\include\xtree(69) : info C5002: loop not vectorized due to reason '500'
  c:\program files (x86)\microsoft visual studio 14.0\vc\include\xtree(69) : info C5012: loop not parallelized due to reason '500'
  
  --- Analyzing function: class std::basic_ostream<char,struct std::char_traits<char> > & __ptr64 __cdecl std::operator<<<char,struct std::char_traits<char>,class std::allocator<char> >(class std::basic_ostream<char,struct std::char_traits<char> > & __ptr64,class std::basic_string<char,struct std::char_traits<char>,class std::allocator<char> > const & __ptr64)
  c:\program files (x86)\microsoft visual studio 14.0\vc\include\string(187) : info C5002: loop not vectorized due to reason '500'
  c:\program files (x86)\microsoft visual studio 14.0\vc\include\string(187) : info C5012: loop not parallelized due to reason '500'
  c:\program files (x86)\microsoft visual studio 14.0\vc\include\string(200) : info C5002: loop not vectorized due to reason '500'
  c:\program files (x86)\microsoft visual studio 14.0\vc\include\string(200) : info C5012: loop not parallelized due to reason '500'
  
  --- Analyzing function: class std::_List_iterator<class std::_List_val<struct std::_List_simple_types<struct std::pair<unsigned __int64,struct boost::asio::detail::reactor_op_queue<unsigned __int64>::mapped_type> > > > __cdecl boost::asio::detail::hash_map<unsigned __int64,struct boost::asio::detail::reactor_op_queue<unsigned __int64>::mapped_type>::find(unsigned __int64 const & __ptr64) __ptr64
  c:\users\stefan\dev\boost_1_67_0\boost\asio\detail\hash_map.hpp(124) : info C5002: loop not vectorized due to reason '500'
  c:\users\stefan\dev\boost_1_67_0\boost\asio\detail\hash_map.hpp(124) : info C5012: loop not parallelized due to reason '500'
  
  --- Analyzing function: virtual int __cdecl std::basic_stringbuf<char,struct std::char_traits<char>,class std::allocator<char> >::overflow(int) __ptr64
  c:\program files (x86)\microsoft visual studio 14.0\vc\include\sstream(144) : info C5002: loop not vectorized due to reason '500'
  c:\program files (x86)\microsoft visual studio 14.0\vc\include\sstream(144) : info C5012: loop not parallelized due to reason '500'
  
  --- Analyzing function: class std::shared_ptr<class Session> __cdecl std::enable_shared_from_this<class Session>::shared_from_this(void) __ptr64
  c:\program files (x86)\microsoft visual studio 14.0\vc\include\memory(77) : info C5002: loop not vectorized due to reason '500'
  c:\program files (x86)\microsoft visual studio 14.0\vc\include\memory(77) : info C5012: loop not parallelized due to reason '500'
  
  --- Analyzing function: class std::basic_istream<char,struct std::char_traits<char> > & __ptr64 __cdecl std::operator>><char,struct std::char_traits<char>,class std::allocator<char> >(class std::basic_istream<char,struct std::char_traits<char> > && __ptr64,class std::basic_string<char,struct std::char_traits<char>,class std::allocator<char> > & __ptr64)
  c:\program files (x86)\microsoft visual studio 14.0\vc\include\string(46) : info C5002: loop not vectorized due to reason '500'
  c:\program files (x86)\microsoft visual studio 14.0\vc\include\string(46) : info C5012: loop not parallelized due to reason '500'
  
  --- Analyzing function: void __cdecl boost::asio::detail::service_registry::do_add_service(struct boost::asio::execution_context::service::key const & __ptr64,class boost::asio::execution_context::service * __ptr64) __ptr64
  c:\users\stefan\dev\boost_1_67_0\boost\asio\detail\impl\service_registry.ipp(164) : info C5002: loop not vectorized due to reason '500'
  c:\users\stefan\dev\boost_1_67_0\boost\asio\detail\impl\service_registry.ipp(164) : info C5012: loop not parallelized due to reason '500'
  
  --- Analyzing function: void __cdecl std::_Destroy_range1<class std::allocator<class std::basic_string<char,struct std::char_traits<char>,class std::allocator<char> > >,class std::basic_string<char,struct std::char_traits<char>,class std::allocator<char> > * __ptr64>(class std::basic_string<char,struct std::char_traits<char>,class std::allocator<char> > * __ptr64,class std::basic_string<char,struct std::char_traits<char>,class std::allocator<char> > * __ptr64,struct std::_Wrap_alloc<class std::allocator<class std::basic_string<char,struct std::char_traits<char>,class std::allocator<char> > > > & __ptr64,struct std::integral_constant<bool,0>)
  c:\program files (x86)\microsoft visual studio 14.0\vc\include\xmemory0(1100) : info C5002: loop not vectorized due to reason '500'
  c:\program files (x86)\microsoft visual studio 14.0\vc\include\xmemory0(1100) : info C5012: loop not parallelized due to reason '500'
  
  --- Analyzing function: void __cdecl std::_Destroy_range1<class std::allocator<class boost::asio::ip::basic_resolver_entry<class boost::asio::ip::tcp> >,class boost::asio::ip::basic_resolver_entry<class boost::asio::ip::tcp> * __ptr64>(class boost::asio::ip::basic_resolver_entry<class boost::asio::ip::tcp> * __ptr64,class boost::asio::ip::basic_resolver_entry<class boost::asio::ip::tcp> * __ptr64,struct std::_Wrap_alloc<class std::allocator<class boost::asio::ip::basic_resolver_entry<class boost::asio::ip::tcp> > > & __ptr64,struct std::integral_constant<bool,0>)
  c:\program files (x86)\microsoft visual studio 14.0\vc\include\xmemory0(1100) : info C5002: loop not vectorized due to reason '500'
  c:\program files (x86)\microsoft visual studio 14.0\vc\include\xmemory0(1100) : info C5012: loop not parallelized due to reason '500'
  
  --- Analyzing function: bool __cdecl boost::asio::detail::reactor_op_queue<unsigned __int64>::cancel_operations(class std::_List_iterator<class std::_List_val<struct std::_List_simple_types<struct std::pair<unsigned __int64,struct boost::asio::detail::reactor_op_queue<unsigned __int64>::mapped_type> > > >,class boost::asio::detail::op_queue<class boost::asio::detail::win_iocp_operation> & __ptr64,class boost::system::error_code const & __ptr64) __ptr64
  c:\users\stefan\dev\boost_1_67_0\boost\asio\detail\reactor_op_queue.hpp(80) : info C5002: loop not vectorized due to reason '502'
  c:\users\stefan\dev\boost_1_67_0\boost\asio\detail\reactor_op_queue.hpp(80) : info C5012: loop not parallelized due to reason '502'
  
  --- Analyzing function: class std::basic_string<char,struct std::char_traits<char>,class std::allocator<char> > __cdecl Session::getLastOrientationMessage(void) __ptr64
  c:\program files (x86)\microsoft visual studio 14.0\vc\include\xstring(1922) : info C5002: loop not vectorized due to reason '500'
  c:\program files (x86)\microsoft visual studio 14.0\vc\include\xstring(1922) : info C5012: loop not parallelized due to reason '500'
  c:\program files (x86)\microsoft visual studio 14.0\vc\include\xstring(1922) : info C5002: loop not vectorized due to reason '500'
  c:\program files (x86)\microsoft visual studio 14.0\vc\include\xstring(1922) : info C5012: loop not parallelized due to reason '500'
  
  --- Analyzing function: class std::basic_string<char,struct std::char_traits<char>,class std::allocator<char> > * __ptr64 __cdecl std::_Uninitialized_move_al_unchecked1<class std::basic_string<char,struct std::char_traits<char>,class std::allocator<char> > * __ptr64,class std::basic_string<char,struct std::char_traits<char>,class std::allocator<char> > * __ptr64,class std::allocator<class std::basic_string<char,struct std::char_traits<char>,class std::allocator<char> > > >(class std::basic_string<char,struct std::char_traits<char>,class std::allocator<char> > * __ptr64,class std::basic_string<char,struct std::char_traits<char>,class std::allocator<char> > * __ptr64,class std::basic_string<char,struct std::char_traits<char>,class std::allocator<char> > * __ptr64,struct std::_Wrap_alloc<class std::allocator<class std::basic_string<char,struct std::char_traits<char>,class std::allocator<char> > > > & __ptr64,struct std::_General_ptr_iterator_tag,struct std::_Any_tag)
  c:\program files (x86)\microsoft visual studio 14.0\vc\include\xmemory(277) : info C5002: loop not vectorized due to reason '500'
  c:\program files (x86)\microsoft visual studio 14.0\vc\include\xmemory(277) : info C5012: loop not parallelized due to reason '500'
  
  --- Analyzing function: bool __cdecl boost::asio::detail::reactor_op_queue<unsigned __int64>::cancel_operations(unsigned __int64,class boost::asio::detail::op_queue<class boost::asio::detail::win_iocp_operation> & __ptr64,class boost::system::error_code const & __ptr64) __ptr64
  c:\users\stefan\dev\boost_1_67_0\boost\asio\detail\hash_map.hpp(122) : info C5002: loop not vectorized due to reason '500'
  c:\users\stefan\dev\boost_1_67_0\boost\asio\detail\hash_map.hpp(122) : info C5012: loop not parallelized due to reason '500'
  
  --- Analyzing function: void __cdecl boost::asio::detail::select_reactor::cancel_ops_unlocked(unsigned __int64,class boost::system::error_code const & __ptr64) __ptr64
  c:\users\stefan\dev\boost_1_67_0\boost\asio\detail\hash_map.hpp(122) : info C5002: loop not vectorized due to reason '500'
  c:\users\stefan\dev\boost_1_67_0\boost\asio\detail\hash_map.hpp(122) : info C5012: loop not parallelized due to reason '500'
  c:\users\stefan\dev\boost_1_67_0\boost\asio\detail\reactor_op_queue.hpp(80) : info C5002: loop not vectorized due to reason '502'
  c:\users\stefan\dev\boost_1_67_0\boost\asio\detail\reactor_op_queue.hpp(80) : info C5012: loop not parallelized due to reason '502'
  c:\users\stefan\dev\boost_1_67_0\boost\asio\detail\op_queue.hpp(78) : info C5002: loop not vectorized due to reason '500'
  c:\users\stefan\dev\boost_1_67_0\boost\asio\detail\op_queue.hpp(78) : info C5012: loop not parallelized due to reason '500'
  c:\users\stefan\dev\boost_1_67_0\boost\asio\detail\impl\select_reactor.ipp(315) : info C5002: loop not vectorized due to reason '1305'
  c:\users\stefan\dev\boost_1_67_0\boost\asio\detail\impl\select_reactor.ipp(315) : info C5012: loop not parallelized due to reason '1000'
  
  --- Analyzing function: class boost::asio::ip::basic_resolver_entry<class boost::asio::ip::tcp> * __ptr64 __cdecl std::_Uninitialized_move_al_unchecked1<class boost::asio::ip::basic_resolver_entry<class boost::asio::ip::tcp> * __ptr64,class boost::asio::ip::basic_resolver_entry<class boost::asio::ip::tcp> * __ptr64,class std::allocator<class boost::asio::ip::basic_resolver_entry<class boost::asio::ip::tcp> > >(class boost::asio::ip::basic_resolver_entry<class boost::asio::ip::tcp> * __ptr64,class boost::asio::ip::basic_resolver_entry<class boost::asio::ip::tcp> * __ptr64,class boost::asio::ip::basic_resolver_entry<class boost::asio::ip::tcp> * __ptr64,struct std::_Wrap_alloc<class std::allocator<class boost::asio::ip::basic_resolver_entry<class boost::asio::ip::tcp> > > & __ptr64,struct std::_General_ptr_iterator_tag,struct std::_Any_tag)
  c:\program files (x86)\microsoft visual studio 14.0\vc\include\xmemory(277) : info C5002: loop not vectorized due to reason '500'
  c:\program files (x86)\microsoft visual studio 14.0\vc\include\xmemory(277) : info C5012: loop not parallelized due to reason '500'
  
  --- Analyzing function: void __cdecl std::_Destroy_range1<class std::allocator<class boost::shared_ptr<struct boost::detail::shared_state_base> >,class boost::shared_ptr<struct boost::detail::shared_state_base> * __ptr64>(class boost::shared_ptr<struct boost::detail::shared_state_base> * __ptr64,class boost::shared_ptr<struct boost::detail::shared_state_base> * __ptr64,struct std::_Wrap_alloc<class std::allocator<class boost::shared_ptr<struct boost::detail::shared_state_base> > > & __ptr64,struct std::integral_constant<bool,0>)
  c:\program files (x86)\microsoft visual studio 14.0\vc\include\xmemory0(1100) : info C5002: loop not vectorized due to reason '504'
  c:\program files (x86)\microsoft visual studio 14.0\vc\include\xmemory0(1100) : info C5012: loop not parallelized due to reason '504'
  
  --- Analyzing function: void __cdecl std::_Tree<class std::_Tmap_traits<void const * __ptr64,struct boost::detail::tss_data_node,struct std::less<void const * __ptr64>,class std::allocator<struct std::pair<void const * __ptr64 const,struct boost::detail::tss_data_node> >,0> >::_Erase(struct std::_Tree_node<struct std::pair<void const * __ptr64 const,struct boost::detail::tss_data_node>,void * __ptr64> * __ptr64) __ptr64
  c:\program files (x86)\microsoft visual studio 14.0\vc\include\xtree(2034) : info C5002: loop not vectorized due to reason '500'
  c:\program files (x86)\microsoft visual studio 14.0\vc\include\xtree(2034) : info C5012: loop not parallelized due to reason '500'
  
  --- Analyzing function: class std::_Tree_iterator<class std::_Tree_val<struct std::_Tree_simple_types<struct std::pair<void const * __ptr64 const,struct boost::detail::tss_data_node> > > > __cdecl std::_Tree<class std::_Tmap_traits<void const * __ptr64,struct boost::detail::tss_data_node,struct std::less<void const * __ptr64>,class std::allocator<struct std::pair<void const * __ptr64 const,struct boost::detail::tss_data_node> >,0> >::erase(class std::_Tree_const_iterator<class std::_Tree_val<struct std::_Tree_simple_types<struct std::pair<void const * __ptr64 const,struct boost::detail::tss_data_node> > > >) __ptr64
  c:\program files (x86)\microsoft visual studio 14.0\vc\include\xtree(615) : info C5002: loop not vectorized due to reason '500'
  c:\program files (x86)\microsoft visual studio 14.0\vc\include\xtree(615) : info C5012: loop not parallelized due to reason '500'
  c:\program files (x86)\microsoft visual studio 14.0\vc\include\xtree(69) : info C5002: loop not vectorized due to reason '500'
  c:\program files (x86)\microsoft visual studio 14.0\vc\include\xtree(69) : info C5012: loop not parallelized due to reason '500'
  c:\program files (x86)\microsoft visual studio 14.0\vc\include\xtree(615) : info C5002: loop not vectorized due to reason '500'
  c:\program files (x86)\microsoft visual studio 14.0\vc\include\xtree(615) : info C5012: loop not parallelized due to reason '500'
  c:\program files (x86)\microsoft visual studio 14.0\vc\include\xtree(608) : info C5002: loop not vectorized due to reason '500'
  c:\program files (x86)\microsoft visual studio 14.0\vc\include\xtree(608) : info C5012: loop not parallelized due to reason '500'
  c:\program files (x86)\microsoft visual studio 14.0\vc\include\xtree(1351) : info C5002: loop not vectorized due to reason '500'
  c:\program files (x86)\microsoft visual studio 14.0\vc\include\xtree(1351) : info C5012: loop not parallelized due to reason '500'
  
  --- Analyzing function: void __cdecl boost::asio::detail::timer_queue_set::get_all_timers(class boost::asio::detail::op_queue<class boost::asio::detail::win_iocp_operation> & __ptr64) __ptr64
  c:\users\stefan\dev\boost_1_67_0\boost\asio\detail\impl\timer_queue_set.ipp(93) : info C5002: loop not vectorized due to reason '502'
  c:\users\stefan\dev\boost_1_67_0\boost\asio\detail\impl\timer_queue_set.ipp(93) : info C5012: loop not parallelized due to reason '502'
  
  --- Analyzing function: void __cdecl boost::asio::detail::win_iocp_socket_service_base::base_shutdown(void) __ptr64
  c:\users\stefan\dev\boost_1_67_0\boost\asio\detail\impl\win_iocp_socket_service_base.ipp(47) : info C5002: loop not vectorized due to reason '502'
  c:\users\stefan\dev\boost_1_67_0\boost\asio\detail\impl\win_iocp_socket_service_base.ipp(47) : info C5012: loop not parallelized due to reason '502'
  
  --- Analyzing function: virtual void __cdecl boost::asio::detail::win_iocp_io_context::shutdown(void) __ptr64
  c:\users\stefan\dev\boost_1_67_0\boost\asio\detail\impl\timer_queue_set.ipp(93) : info C5002: loop not vectorized due to reason '502'
  c:\users\stefan\dev\boost_1_67_0\boost\asio\detail\impl\timer_queue_set.ipp(93) : info C5012: loop not parallelized due to reason '502'
  c:\users\stefan\dev\boost_1_67_0\boost\asio\detail\impl\win_iocp_io_context.ipp(108) : info C5002: loop not vectorized due to reason '500'
  c:\users\stefan\dev\boost_1_67_0\boost\asio\detail\impl\win_iocp_io_context.ipp(108) : info C5012: loop not parallelized due to reason '500'
  c:\users\stefan\dev\boost_1_67_0\boost\asio\detail\op_queue.hpp(78) : info C5002: loop not vectorized due to reason '500'
  c:\users\stefan\dev\boost_1_67_0\boost\asio\detail\op_queue.hpp(78) : info C5012: loop not parallelized due to reason '500'
  c:\users\stefan\dev\boost_1_67_0\boost\asio\detail\impl\win_iocp_io_context.ipp(101) : info C5002: loop not vectorized due to reason '502'
  c:\users\stefan\dev\boost_1_67_0\boost\asio\detail\impl\win_iocp_io_context.ipp(101) : info C5012: loop not parallelized due to reason '502'
  
  --- Analyzing function: unsigned __int64 __cdecl boost::asio::detail::win_iocp_io_context::do_one(unsigned long,class boost::system::error_code & __ptr64) __ptr64
  c:\users\stefan\dev\boost_1_67_0\boost\asio\detail\impl\timer_queue_set.ipp(87) : info C5002: loop not vectorized due to reason '502'
  c:\users\stefan\dev\boost_1_67_0\boost\asio\detail\impl\timer_queue_set.ipp(87) : info C5012: loop not parallelized due to reason '502'
  c:\users\stefan\dev\boost_1_67_0\boost\asio\detail\impl\timer_queue_set.ipp(80) : info C5002: loop not vectorized due to reason '502'
  c:\users\stefan\dev\boost_1_67_0\boost\asio\detail\impl\timer_queue_set.ipp(80) : info C5012: loop not parallelized due to reason '502'
  c:\users\stefan\dev\boost_1_67_0\boost\asio\detail\op_queue.hpp(78) : info C5002: loop not vectorized due to reason '500'
  c:\users\stefan\dev\boost_1_67_0\boost\asio\detail\op_queue.hpp(78) : info C5012: loop not parallelized due to reason '500'
  c:\users\stefan\dev\boost_1_67_0\boost\asio\detail\impl\win_iocp_io_context.ipp(472) : info C5002: loop not vectorized due to reason '500'
  c:\users\stefan\dev\boost_1_67_0\boost\asio\detail\impl\win_iocp_io_context.ipp(472) : info C5012: loop not parallelized due to reason '500'
  
  --- Analyzing function: void __cdecl std::vector<class std::basic_string<char,struct std::char_traits<char>,class std::allocator<char> >,class std::allocator<class std::basic_string<char,struct std::char_traits<char>,class std::allocator<char> > > >::_Construct<class std::istream_iterator<class std::basic_string<char,struct std::char_traits<char>,class std::allocator<char> >,char,struct std::char_traits<char>,__int64> >(class std::istream_iterator<class std::basic_string<char,struct std::char_traits<char>,class std::allocator<char> >,char,struct std::char_traits<char>,__int64>,class std::istream_iterator<class std::basic_string<char,struct std::char_traits<char>,class std::allocator<char> >,char,struct std::char_traits<char>,__int64>,struct std::input_iterator_tag) __ptr64
  c:\program files (x86)\microsoft visual studio 14.0\vc\include\iterator(257) : info C5002: loop not vectorized due to reason '500'
  c:\program files (x86)\microsoft visual studio 14.0\vc\include\iterator(257) : info C5012: loop not parallelized due to reason '500'
  
  --- Analyzing function: class std::_Tree_iterator<class std::_Tree_val<struct std::_Tree_simple_types<struct std::pair<void const * __ptr64 const,struct boost::detail::tss_data_node> > > > __cdecl std::_Tree<class std::_Tmap_traits<void const * __ptr64,struct boost::detail::tss_data_node,struct std::less<void const * __ptr64>,class std::allocator<struct std::pair<void const * __ptr64 const,struct boost::detail::tss_data_node> >,0> >::erase(class std::_Tree_const_iterator<class std::_Tree_val<struct std::_Tree_simple_types<struct std::pair<void const * __ptr64 const,struct boost::detail::tss_data_node> > > >,class std::_Tree_const_iterator<class std::_Tree_val<struct std::_Tree_simple_types<struct std::pair<void const * __ptr64 const,struct boost::detail::tss_data_node> > > >) __ptr64
  c:\program files (x86)\microsoft visual studio 14.0\vc\include\xtree(615) : info C5002: loop not vectorized due to reason '500'
  c:\program files (x86)\microsoft visual studio 14.0\vc\include\xtree(615) : info C5012: loop not parallelized due to reason '500'
  c:\program files (x86)\microsoft visual studio 14.0\vc\include\xtree(69) : info C5002: loop not vectorized due to reason '500'
  c:\program files (x86)\microsoft visual studio 14.0\vc\include\xtree(69) : info C5012: loop not parallelized due to reason '500'
  c:\program files (x86)\microsoft visual studio 14.0\vc\include\xtree(1452) : info C5002: loop not vectorized due to reason '502'
  c:\program files (x86)\microsoft visual studio 14.0\vc\include\xtree(1452) : info C5012: loop not parallelized due to reason '502'
  
  --- Analyzing function: unsigned __int64 __cdecl boost::asio::detail::win_iocp_io_context::run(class boost::system::error_code & __ptr64) __ptr64
  c:\users\stefan\dev\boost_1_67_0\boost\asio\detail\impl\win_iocp_io_context.ipp(163) : info C5002: loop not vectorized due to reason '502'
  c:\users\stefan\dev\boost_1_67_0\boost\asio\detail\impl\win_iocp_io_context.ipp(163) : info C5012: loop not parallelized due to reason '502'
  c:\users\stefan\dev\boost_1_67_0\boost\asio\detail\thread_info_base.hpp(44) : info C5002: loop not vectorized due to reason '1300'
  c:\users\stefan\dev\boost_1_67_0\boost\asio\detail\thread_info_base.hpp(50) : info C5002: loop not vectorized due to reason '1200'
  c:\users\stefan\dev\boost_1_67_0\boost\asio\detail\thread_info_base.hpp(44) : info C5012: loop not parallelized due to reason '1008'
  c:\users\stefan\dev\boost_1_67_0\boost\asio\detail\thread_info_base.hpp(50) : info C5012: loop not parallelized due to reason '1000'
  
  --- Analyzing function: static class boost::asio::ip::basic_resolver_results<class boost::asio::ip::tcp> __cdecl boost::asio::ip::basic_resolver_results<class boost::asio::ip::tcp>::create(struct addrinfo * __ptr64,class std::basic_string<char,struct std::char_traits<char>,class std::allocator<char> > const & __ptr64,class std::basic_string<char,struct std::char_traits<char>,class std::allocator<char> > const & __ptr64)
  c:\users\stefan\dev\boost_1_67_0\boost\asio\ip\basic_resolver_results.hpp(139) : info C5002: loop not vectorized due to reason '500'
  c:\users\stefan\dev\boost_1_67_0\boost\asio\ip\basic_resolver_results.hpp(139) : info C5012: loop not parallelized due to reason '500'
  
  --- Analyzing function: struct std::pair<class boost::condition_variable * __ptr64,class boost::mutex * __ptr64> * __ptr64 __cdecl std::_Uninitialized_move_al_unchecked1<struct std::pair<class boost::condition_variable * __ptr64,class boost::mutex * __ptr64> * __ptr64,struct std::pair<class boost::condition_variable * __ptr64,class boost::mutex * __ptr64> * __ptr64,class std::allocator<struct std::pair<class boost::condition_variable * __ptr64,class boost::mutex * __ptr64> > >(struct std::pair<class boost::condition_variable * __ptr64,class boost::mutex * __ptr64> * __ptr64,struct std::pair<class boost::condition_variable * __ptr64,class boost::mutex * __ptr64> * __ptr64,struct std::pair<class boost::condition_variable * __ptr64,class boost::mutex * __ptr64> * __ptr64,struct std::_Wrap_alloc<class std::allocator<struct std::pair<class boost::condition_variable * __ptr64,class boost::mutex * __ptr64> > > & __ptr64,struct std::_General_ptr_iterator_tag,struct std::_Any_tag)
  c:\program files (x86)\microsoft visual studio 14.0\vc\include\xmemory(277) : info C5002: loop not vectorized due to reason '1305'
  c:\program files (x86)\microsoft visual studio 14.0\vc\include\xmemory(277) : info C5012: loop not parallelized due to reason '1007'
  
  --- Analyzing function: class std::basic_string<char,struct std::char_traits<char>,class std::allocator<char> > __cdecl ReframeTCPServer::startServer(void) __ptr64
  c:\program files (x86)\microsoft visual studio 14.0\vc\include\xstring(1886) : info C5002: loop not vectorized due to reason '500'
  c:\program files (x86)\microsoft visual studio 14.0\vc\include\xstring(1886) : info C5012: loop not parallelized due to reason '500'
  c:\users\stefan\dev\boost_1_67_0\boost\asio\ip\basic_resolver_iterator.hpp(164) : info C5002: loop not vectorized due to reason '500'
  c:\users\stefan\dev\boost_1_67_0\boost\asio\ip\basic_resolver_iterator.hpp(164) : info C5012: loop not parallelized due to reason '500'
  Reframe360.vcxproj -> C:\Program Files\Adobe\Common\Plug-ins\7.0\MediaCore\Reframe360.aex
  Reframe360.vcxproj -> C:\Program Files\Adobe\Common\Plug-ins\7.0\MediaCore\Reframe360.pdb (Full PDB)
          1 Datei(en) kopiert.
