c:\users\stefan\dev\premiere pro cc 12.0 win sdk\examples\projects\gpuvideofilter\reframe360\win\x64\debug\vc140.pdb
c:\users\stefan\dev\premiere pro cc 12.0 win sdk\examples\projects\gpuvideofilter\reframe360\win\x64\debug\sdk_crossdissolve_cpu.sbr
c:\users\stefan\dev\premiere pro cc 12.0 win sdk\examples\projects\gpuvideofilter\reframe360\win\x64\debug\sdk_crossdissolve_gpu.sbr
c:\users\stefan\dev\premiere pro cc 12.0 win sdk\examples\projects\gpuvideofilter\reframe360\win\debug\sdk_crossdissolve_gpu.obj
c:\users\stefan\dev\premiere pro cc 12.0 win sdk\examples\projects\gpuvideofilter\reframe360\win\debug\sdk_crossdissolve_cpu.obj
c:\users\stefan\dev\premiere pro cc 12.0 win sdk\examples\projects\gpuvideofilter\reframe360\win\x64\debug\sdk_crossdissolve.rr
c:\users\stefan\dev\premiere pro cc 12.0 win sdk\examples\projects\gpuvideofilter\reframe360\win\x64\debug\sdk_crossdissolve.obj
c:\users\stefan\dev\premiere pro cc 12.0 win sdk\examples\projects\gpuvideofilter\reframe360\win\sdk_crossdissolve.i
c:\users\stefan\dev\premiere pro cc 12.0 win sdk\examples\projects\gpuvideofilter\reframe360\win\x64\debug\preprocessedopencl\sdk_crossdissolve.cl.h
c:\users\stefan\dev\premiere pro cc 12.0 win sdk\examples\projects\gpuvideofilter\reframe360\win\x64\debug\sdk_crossdissolve.res
c:\users\stefan\dev\premiere pro cc 12.0 win sdk\examples\projects\gpuvideofilter\reframe360\win\x64\debug\sdk_crossdissolve.exp
c:\users\stefan\dev\premiere pro cc 12.0 win sdk\examples\projects\gpuvideofilter\reframe360\win\x64\debug\sdk_crossdissolve.pdb
c:\users\stefan\dev\premiere pro cc 12.0 win sdk\examples\projects\gpuvideofilter\reframe360\win\x64\debug\sdk_cros.35a2fa5c.tlog\cl.command.1.tlog
c:\users\stefan\dev\premiere pro cc 12.0 win sdk\examples\projects\gpuvideofilter\reframe360\win\x64\debug\sdk_cros.35a2fa5c.tlog\cl.read.1.tlog
c:\users\stefan\dev\premiere pro cc 12.0 win sdk\examples\projects\gpuvideofilter\reframe360\win\x64\debug\sdk_cros.35a2fa5c.tlog\cl.write.1.tlog
c:\users\stefan\dev\premiere pro cc 12.0 win sdk\examples\projects\gpuvideofilter\reframe360\win\x64\debug\sdk_cros.35a2fa5c.tlog\custombuild.command.1.tlog
c:\users\stefan\dev\premiere pro cc 12.0 win sdk\examples\projects\gpuvideofilter\reframe360\win\x64\debug\sdk_cros.35a2fa5c.tlog\custombuild.read.1.tlog
c:\users\stefan\dev\premiere pro cc 12.0 win sdk\examples\projects\gpuvideofilter\reframe360\win\x64\debug\sdk_cros.35a2fa5c.tlog\custombuild.write.1.tlog
c:\users\stefan\dev\premiere pro cc 12.0 win sdk\examples\projects\gpuvideofilter\reframe360\win\x64\debug\sdk_cros.35a2fa5c.tlog\link-cvtres.read.1.tlog
c:\users\stefan\dev\premiere pro cc 12.0 win sdk\examples\projects\gpuvideofilter\reframe360\win\x64\debug\sdk_cros.35a2fa5c.tlog\link-cvtres.write.1.tlog
c:\users\stefan\dev\premiere pro cc 12.0 win sdk\examples\projects\gpuvideofilter\reframe360\win\x64\debug\sdk_cros.35a2fa5c.tlog\link-rc.read.1.tlog
c:\users\stefan\dev\premiere pro cc 12.0 win sdk\examples\projects\gpuvideofilter\reframe360\win\x64\debug\sdk_cros.35a2fa5c.tlog\link-rc.write.1.tlog
c:\users\stefan\dev\premiere pro cc 12.0 win sdk\examples\projects\gpuvideofilter\reframe360\win\x64\debug\sdk_cros.35a2fa5c.tlog\link.command.1.tlog
c:\users\stefan\dev\premiere pro cc 12.0 win sdk\examples\projects\gpuvideofilter\reframe360\win\x64\debug\sdk_cros.35a2fa5c.tlog\link.read.1.tlog
c:\users\stefan\dev\premiere pro cc 12.0 win sdk\examples\projects\gpuvideofilter\reframe360\win\x64\debug\sdk_cros.35a2fa5c.tlog\link.write.1.tlog
c:\users\stefan\dev\premiere pro cc 12.0 win sdk\examples\projects\gpuvideofilter\reframe360\win\x64\debug\sdk_cros.35a2fa5c.tlog\rc.command.1.tlog
c:\users\stefan\dev\premiere pro cc 12.0 win sdk\examples\projects\gpuvideofilter\reframe360\win\x64\debug\sdk_cros.35a2fa5c.tlog\rc.read.1.tlog
c:\users\stefan\dev\premiere pro cc 12.0 win sdk\examples\projects\gpuvideofilter\reframe360\win\x64\debug\sdk_cros.35a2fa5c.tlog\rc.write.1.tlog
